43.0 APEX_CODE,FINEST;APEX_PROFILING,INFO;CALLOUT,INFO;DB,INFO;NBA,INFO;SYSTEM,DEBUG;VALIDATION,INFO;VISUALFORCE,INFO;WAVE,INFO;WORKFLOW,INFO
07:08:43.0 (83073)|USER_INFO|[EXTERNAL]|005B0000004KLNf|teja-whva@force.com|Pacific Standard Time|GMT-07:00
07:08:43.0 (115217)|EXECUTION_STARTED
07:08:43.0 (120435)|CODE_UNIT_STARTED|[EXTERNAL]|Aura
07:08:43.0 (1228315)|CODE_UNIT_STARTED|[EXTERNAL]|01pB0000002Gt5o|redditCloneHomePageController.getAllSubreddits()
07:08:43.0 (1362124)|HEAP_ALLOCATE|[72]|Bytes:3
07:08:43.0 (1404722)|HEAP_ALLOCATE|[77]|Bytes:152
07:08:43.0 (1418621)|HEAP_ALLOCATE|[342]|Bytes:408
07:08:43.0 (1430410)|HEAP_ALLOCATE|[355]|Bytes:408
07:08:43.0 (1447451)|HEAP_ALLOCATE|[467]|Bytes:48
07:08:43.0 (1473149)|HEAP_ALLOCATE|[139]|Bytes:6
07:08:43.0 (1529773)|HEAP_ALLOCATE|[EXTERNAL]|Bytes:1
07:08:43.0 (1540519)|METHOD_ENTRY|[1]|01pB0000002Gt5o|redditCloneHomePageController.redditCloneHomePageController()
07:08:43.0 (1547190)|STATEMENT_EXECUTE|[1]
07:08:43.0 (1552557)|STATEMENT_EXECUTE|[1]
07:08:43.0 (1582714)|HEAP_ALLOCATE|[50]|Bytes:5
07:08:43.0 (1602408)|HEAP_ALLOCATE|[56]|Bytes:5
07:08:43.0 (1610480)|HEAP_ALLOCATE|[64]|Bytes:7
07:08:43.0 (1638890)|SYSTEM_MODE_ENTER|false
07:08:43.0 (1653283)|HEAP_ALLOCATE|[EXTERNAL]|Bytes:5
07:08:43.0 (1660821)|SYSTEM_MODE_EXIT|false
07:08:43.0 (1669303)|METHOD_EXIT|[1]|redditCloneHomePageController
07:08:43.0 (1684783)|SYSTEM_MODE_ENTER|false
07:08:43.0 (1700439)|HEAP_ALLOCATE|[6]|Bytes:5
07:08:43.0 (1705381)|STATEMENT_EXECUTE|[5]
07:08:43.0 (1707096)|STATEMENT_EXECUTE|[6]
07:08:43.0 (1709797)|HEAP_ALLOCATE|[6]|Bytes:72
07:08:43.0 (1722971)|HEAP_ALLOCATE|[6]|Bytes:4
07:08:43.0 (1987176)|SOQL_EXECUTE_BEGIN|[6]|Aggregations:0|SELECT Id, Name, Title__c, Description__c, CreatedDate FROM subreddit__c
07:08:43.0 (4036723)|SOQL_EXECUTE_END|[6]|Rows:7
07:08:43.0 (4060017)|HEAP_ALLOCATE|[6]|Bytes:32
07:08:43.0 (4096908)|HEAP_ALLOCATE|[6]|Bytes:2152
07:08:43.0 (4175644)|HEAP_ALLOCATE|[6]|Bytes:32
07:08:43.0 (4191486)|SYSTEM_MODE_EXIT|false
07:08:43.4 (4217720)|CUMULATIVE_LIMIT_USAGE
07:08:43.4 (4217720)|LIMIT_USAGE_FOR_NS|(default)|
  Number of SOQL queries: 1 out of 100
  Number of query rows: 7 out of 50000
  Number of SOSL queries: 0 out of 20
  Number of DML statements: 0 out of 150
  Number of DML rows: 0 out of 10000
  Maximum CPU time: 0 out of 10000
  Maximum heap size: 0 out of 6000000
  Number of callouts: 0 out of 100
  Number of Email Invocations: 0 out of 10
  Number of future calls: 0 out of 50
  Number of queueable jobs added to the queue: 0 out of 50
  Number of Mobile Apex push calls: 0 out of 10

07:08:43.4 (4217720)|CUMULATIVE_LIMIT_USAGE_END

07:08:43.0 (4258888)|CODE_UNIT_FINISHED|redditCloneHomePageController.getAllSubreddits()
07:08:43.0 (4487288)|CODE_UNIT_FINISHED|Aura
07:08:43.0 (5611177)|EXECUTION_FINISHED
