43.0 APEX_CODE,FINEST;APEX_PROFILING,INFO;CALLOUT,INFO;DB,INFO;NBA,INFO;SYSTEM,DEBUG;VALIDATION,INFO;VISUALFORCE,INFO;WAVE,INFO;WORKFLOW,INFO
07:07:34.0 (96294)|USER_INFO|[EXTERNAL]|005B0000004KLNf|teja-whva@force.com|Pacific Standard Time|GMT-07:00
07:07:34.0 (264481)|EXECUTION_STARTED
07:07:34.0 (269587)|CODE_UNIT_STARTED|[EXTERNAL]|Aura
07:07:34.0 (1437793)|CODE_UNIT_STARTED|[EXTERNAL]|01pB0000002Gt5o|redditCloneHomePageController.getAllSubreddits()
07:07:34.0 (1649681)|HEAP_ALLOCATE|[72]|Bytes:3
07:07:34.0 (1706960)|HEAP_ALLOCATE|[77]|Bytes:152
07:07:34.0 (1723027)|HEAP_ALLOCATE|[342]|Bytes:408
07:07:34.0 (1742024)|HEAP_ALLOCATE|[355]|Bytes:408
07:07:34.0 (1755126)|HEAP_ALLOCATE|[467]|Bytes:48
07:07:34.0 (1783400)|HEAP_ALLOCATE|[139]|Bytes:6
07:07:34.0 (1850857)|HEAP_ALLOCATE|[EXTERNAL]|Bytes:1
07:07:34.0 (1889322)|METHOD_ENTRY|[1]|01pB0000002Gt5o|redditCloneHomePageController.redditCloneHomePageController()
07:07:34.0 (1898711)|STATEMENT_EXECUTE|[1]
07:07:34.0 (1903929)|STATEMENT_EXECUTE|[1]
07:07:34.0 (1938950)|HEAP_ALLOCATE|[50]|Bytes:5
07:07:34.0 (1962991)|HEAP_ALLOCATE|[56]|Bytes:5
07:07:34.0 (1971045)|HEAP_ALLOCATE|[64]|Bytes:7
07:07:34.0 (2003575)|SYSTEM_MODE_ENTER|false
07:07:34.0 (2085465)|HEAP_ALLOCATE|[EXTERNAL]|Bytes:5
07:07:34.0 (2097122)|SYSTEM_MODE_EXIT|false
07:07:34.0 (2118265)|METHOD_EXIT|[1]|redditCloneHomePageController
07:07:34.0 (2144129)|SYSTEM_MODE_ENTER|false
07:07:34.0 (2164924)|HEAP_ALLOCATE|[6]|Bytes:5
07:07:34.0 (2169837)|STATEMENT_EXECUTE|[5]
07:07:34.0 (2171747)|STATEMENT_EXECUTE|[6]
07:07:34.0 (2174409)|HEAP_ALLOCATE|[6]|Bytes:72
07:07:34.0 (2191532)|HEAP_ALLOCATE|[6]|Bytes:4
07:07:34.0 (2517334)|SOQL_EXECUTE_BEGIN|[6]|Aggregations:0|SELECT Id, Name, Title__c, Description__c, CreatedDate FROM subreddit__c
07:07:34.0 (4609694)|SOQL_EXECUTE_END|[6]|Rows:7
07:07:34.0 (4634134)|HEAP_ALLOCATE|[6]|Bytes:32
07:07:34.0 (4674472)|HEAP_ALLOCATE|[6]|Bytes:2152
07:07:34.0 (4771478)|HEAP_ALLOCATE|[6]|Bytes:32
07:07:34.0 (4803660)|SYSTEM_MODE_EXIT|false
07:07:34.4 (4827397)|CUMULATIVE_LIMIT_USAGE
07:07:34.4 (4827397)|LIMIT_USAGE_FOR_NS|(default)|
  Number of SOQL queries: 1 out of 100
  Number of query rows: 7 out of 50000
  Number of SOSL queries: 0 out of 20
  Number of DML statements: 0 out of 150
  Number of DML rows: 0 out of 10000
  Maximum CPU time: 0 out of 10000
  Maximum heap size: 0 out of 6000000
  Number of callouts: 0 out of 100
  Number of Email Invocations: 0 out of 10
  Number of future calls: 0 out of 50
  Number of queueable jobs added to the queue: 0 out of 50
  Number of Mobile Apex push calls: 0 out of 10

07:07:34.4 (4827397)|CUMULATIVE_LIMIT_USAGE_END

07:07:34.0 (4873768)|CODE_UNIT_FINISHED|redditCloneHomePageController.getAllSubreddits()
07:07:34.0 (5107255)|CODE_UNIT_FINISHED|Aura
07:07:34.0 (6279758)|EXECUTION_FINISHED
