43.0 APEX_CODE,FINEST;APEX_PROFILING,INFO;CALLOUT,INFO;DB,INFO;NBA,INFO;SYSTEM,DEBUG;VALIDATION,INFO;VISUALFORCE,INFO;WAVE,INFO;WORKFLOW,INFO
07:56:49.0 (413998)|USER_INFO|[EXTERNAL]|005B0000004KLNf|teja-whva@force.com|Pacific Standard Time|GMT-07:00
07:56:49.0 (570205)|EXECUTION_STARTED
07:56:49.0 (575495)|CODE_UNIT_STARTED|[EXTERNAL]|Aura
07:56:49.0 (1983649)|CODE_UNIT_STARTED|[EXTERNAL]|01pB0000002Gt5o|redditCloneHomePageController.getAllSubreddits()
07:56:49.0 (2179928)|HEAP_ALLOCATE|[72]|Bytes:3
07:56:49.0 (2239498)|HEAP_ALLOCATE|[77]|Bytes:152
07:56:49.0 (2253341)|HEAP_ALLOCATE|[342]|Bytes:408
07:56:49.0 (2265331)|HEAP_ALLOCATE|[355]|Bytes:408
07:56:49.0 (2275912)|HEAP_ALLOCATE|[467]|Bytes:48
07:56:49.0 (2303081)|HEAP_ALLOCATE|[139]|Bytes:6
07:56:49.0 (2365656)|HEAP_ALLOCATE|[EXTERNAL]|Bytes:1
07:56:49.0 (2405948)|METHOD_ENTRY|[1]|01pB0000002Gt5o|redditCloneHomePageController.redditCloneHomePageController()
07:56:49.0 (2414035)|STATEMENT_EXECUTE|[1]
07:56:49.0 (2419823)|STATEMENT_EXECUTE|[1]
07:56:49.0 (2449504)|HEAP_ALLOCATE|[50]|Bytes:5
07:56:49.0 (2470201)|HEAP_ALLOCATE|[56]|Bytes:5
07:56:49.0 (2478316)|HEAP_ALLOCATE|[64]|Bytes:7
07:56:49.0 (2509264)|SYSTEM_MODE_ENTER|false
07:56:49.0 (2598462)|HEAP_ALLOCATE|[EXTERNAL]|Bytes:5
07:56:49.0 (2608130)|SYSTEM_MODE_EXIT|false
07:56:49.0 (2636022)|METHOD_EXIT|[1]|redditCloneHomePageController
07:56:49.0 (2655782)|SYSTEM_MODE_ENTER|false
07:56:49.0 (2673892)|HEAP_ALLOCATE|[6]|Bytes:5
07:56:49.0 (2679050)|STATEMENT_EXECUTE|[5]
07:56:49.0 (2680948)|STATEMENT_EXECUTE|[6]
07:56:49.0 (2684506)|HEAP_ALLOCATE|[6]|Bytes:72
07:56:49.0 (2701627)|HEAP_ALLOCATE|[6]|Bytes:4
07:56:49.0 (3036677)|SOQL_EXECUTE_BEGIN|[6]|Aggregations:0|SELECT Id, Name, Title__c, Description__c, CreatedDate FROM subreddit__c
07:56:49.0 (5684303)|SOQL_EXECUTE_END|[6]|Rows:7
07:56:49.0 (5718587)|HEAP_ALLOCATE|[6]|Bytes:32
07:56:49.0 (5769737)|HEAP_ALLOCATE|[6]|Bytes:2152
07:56:49.0 (5911137)|HEAP_ALLOCATE|[6]|Bytes:32
07:56:49.0 (5965827)|SYSTEM_MODE_EXIT|false
07:56:49.6 (6004656)|CUMULATIVE_LIMIT_USAGE
07:56:49.6 (6004656)|LIMIT_USAGE_FOR_NS|(default)|
  Number of SOQL queries: 1 out of 100
  Number of query rows: 7 out of 50000
  Number of SOSL queries: 0 out of 20
  Number of DML statements: 0 out of 150
  Number of DML rows: 0 out of 10000
  Maximum CPU time: 0 out of 10000
  Maximum heap size: 0 out of 6000000
  Number of callouts: 0 out of 100
  Number of Email Invocations: 0 out of 10
  Number of future calls: 0 out of 50
  Number of queueable jobs added to the queue: 0 out of 50
  Number of Mobile Apex push calls: 0 out of 10

07:56:49.6 (6004656)|CUMULATIVE_LIMIT_USAGE_END

07:56:49.0 (6065608)|CODE_UNIT_FINISHED|redditCloneHomePageController.getAllSubreddits()
07:56:49.0 (6409125)|CODE_UNIT_FINISHED|Aura
07:56:49.0 (7713618)|EXECUTION_FINISHED
