43.0 APEX_CODE,FINEST;APEX_PROFILING,INFO;CALLOUT,INFO;DB,INFO;NBA,INFO;SYSTEM,DEBUG;VALIDATION,INFO;VISUALFORCE,INFO;WAVE,INFO;WORKFLOW,INFO
07:04:35.0 (341358)|USER_INFO|[EXTERNAL]|005B0000004KLNf|teja-whva@force.com|Pacific Standard Time|GMT-07:00
07:04:35.0 (378044)|EXECUTION_STARTED
07:04:35.0 (382688)|CODE_UNIT_STARTED|[EXTERNAL]|Aura
07:04:35.0 (1711257)|CODE_UNIT_STARTED|[EXTERNAL]|01pB0000002Gt5o|redditCloneHomePageController.getAllSubreddits()
07:04:35.0 (1870700)|HEAP_ALLOCATE|[72]|Bytes:3
07:04:35.0 (1921548)|HEAP_ALLOCATE|[77]|Bytes:152
07:04:35.0 (1935637)|HEAP_ALLOCATE|[342]|Bytes:408
07:04:35.0 (1947761)|HEAP_ALLOCATE|[355]|Bytes:408
07:04:35.0 (1959661)|HEAP_ALLOCATE|[467]|Bytes:48
07:04:35.0 (1984974)|HEAP_ALLOCATE|[139]|Bytes:6
07:04:35.0 (2047425)|HEAP_ALLOCATE|[EXTERNAL]|Bytes:1
07:04:35.0 (2059351)|METHOD_ENTRY|[1]|01pB0000002Gt5o|redditCloneHomePageController.redditCloneHomePageController()
07:04:35.0 (2065668)|STATEMENT_EXECUTE|[1]
07:04:35.0 (2070775)|STATEMENT_EXECUTE|[1]
07:04:35.0 (2101448)|HEAP_ALLOCATE|[50]|Bytes:5
07:04:35.0 (2131166)|HEAP_ALLOCATE|[56]|Bytes:5
07:04:35.0 (2149275)|HEAP_ALLOCATE|[64]|Bytes:7
07:04:35.0 (2186690)|SYSTEM_MODE_ENTER|false
07:04:35.0 (2199097)|HEAP_ALLOCATE|[EXTERNAL]|Bytes:5
07:04:35.0 (2206414)|SYSTEM_MODE_EXIT|false
07:04:35.0 (2216078)|METHOD_EXIT|[1]|redditCloneHomePageController
07:04:35.0 (2232423)|SYSTEM_MODE_ENTER|false
07:04:35.0 (2248296)|HEAP_ALLOCATE|[6]|Bytes:5
07:04:35.0 (2253391)|STATEMENT_EXECUTE|[5]
07:04:35.0 (2255167)|STATEMENT_EXECUTE|[6]
07:04:35.0 (2257950)|HEAP_ALLOCATE|[6]|Bytes:72
07:04:35.0 (2271832)|HEAP_ALLOCATE|[6]|Bytes:4
07:04:35.0 (2577306)|SOQL_EXECUTE_BEGIN|[6]|Aggregations:0|SELECT Id, Name, Title__c, Description__c, CreatedDate FROM subreddit__c
07:04:35.0 (4682426)|SOQL_EXECUTE_END|[6]|Rows:7
07:04:35.0 (4716594)|HEAP_ALLOCATE|[6]|Bytes:32
07:04:35.0 (4755818)|HEAP_ALLOCATE|[6]|Bytes:2152
07:04:35.0 (4830829)|HEAP_ALLOCATE|[6]|Bytes:32
07:04:35.0 (4846205)|SYSTEM_MODE_EXIT|false
07:04:35.4 (4875580)|CUMULATIVE_LIMIT_USAGE
07:04:35.4 (4875580)|LIMIT_USAGE_FOR_NS|(default)|
  Number of SOQL queries: 1 out of 100
  Number of query rows: 7 out of 50000
  Number of SOSL queries: 0 out of 20
  Number of DML statements: 0 out of 150
  Number of DML rows: 0 out of 10000
  Maximum CPU time: 0 out of 10000
  Maximum heap size: 0 out of 6000000
  Number of callouts: 0 out of 100
  Number of Email Invocations: 0 out of 10
  Number of future calls: 0 out of 50
  Number of queueable jobs added to the queue: 0 out of 50
  Number of Mobile Apex push calls: 0 out of 10

07:04:35.4 (4875580)|CUMULATIVE_LIMIT_USAGE_END

07:04:35.0 (4914842)|CODE_UNIT_FINISHED|redditCloneHomePageController.getAllSubreddits()
07:04:35.0 (5145103)|CODE_UNIT_FINISHED|Aura
07:04:35.0 (6420881)|EXECUTION_FINISHED
