43.0 APEX_CODE,FINEST;APEX_PROFILING,INFO;CALLOUT,INFO;DB,INFO;NBA,INFO;SYSTEM,DEBUG;VALIDATION,INFO;VISUALFORCE,INFO;WAVE,INFO;WORKFLOW,INFO
07:06:02.0 (105006)|USER_INFO|[EXTERNAL]|005B0000004KLNf|teja-whva@force.com|Pacific Standard Time|GMT-07:00
07:06:02.0 (150659)|EXECUTION_STARTED
07:06:02.0 (156556)|CODE_UNIT_STARTED|[EXTERNAL]|Aura
07:06:02.0 (1320650)|CODE_UNIT_STARTED|[EXTERNAL]|01pB0000002Gt5o|redditCloneHomePageController.getAllSubreddits()
07:06:02.0 (1491851)|HEAP_ALLOCATE|[72]|Bytes:3
07:06:02.0 (1548215)|HEAP_ALLOCATE|[77]|Bytes:152
07:06:02.0 (1574077)|HEAP_ALLOCATE|[342]|Bytes:408
07:06:02.0 (1594444)|HEAP_ALLOCATE|[355]|Bytes:408
07:06:02.0 (1613241)|HEAP_ALLOCATE|[467]|Bytes:48
07:06:02.0 (1648837)|HEAP_ALLOCATE|[139]|Bytes:6
07:06:02.0 (1718161)|HEAP_ALLOCATE|[EXTERNAL]|Bytes:1
07:06:02.0 (1732750)|METHOD_ENTRY|[1]|01pB0000002Gt5o|redditCloneHomePageController.redditCloneHomePageController()
07:06:02.0 (1741495)|STATEMENT_EXECUTE|[1]
07:06:02.0 (1747999)|STATEMENT_EXECUTE|[1]
07:06:02.0 (1784207)|HEAP_ALLOCATE|[50]|Bytes:5
07:06:02.0 (1809296)|HEAP_ALLOCATE|[56]|Bytes:5
07:06:02.0 (1820604)|HEAP_ALLOCATE|[64]|Bytes:7
07:06:02.0 (1856758)|SYSTEM_MODE_ENTER|false
07:06:02.0 (1871377)|HEAP_ALLOCATE|[EXTERNAL]|Bytes:5
07:06:02.0 (1882110)|SYSTEM_MODE_EXIT|false
07:06:02.0 (1894266)|METHOD_EXIT|[1]|redditCloneHomePageController
07:06:02.0 (1915184)|SYSTEM_MODE_ENTER|false
07:06:02.0 (1937243)|HEAP_ALLOCATE|[6]|Bytes:5
07:06:02.0 (1944050)|STATEMENT_EXECUTE|[5]
07:06:02.0 (1946552)|STATEMENT_EXECUTE|[6]
07:06:02.0 (1950624)|HEAP_ALLOCATE|[6]|Bytes:72
07:06:02.0 (1969183)|HEAP_ALLOCATE|[6]|Bytes:4
07:06:02.0 (2347355)|SOQL_EXECUTE_BEGIN|[6]|Aggregations:0|SELECT Id, Name, Title__c, Description__c, CreatedDate FROM subreddit__c
07:06:02.0 (4879890)|SOQL_EXECUTE_END|[6]|Rows:7
07:06:02.0 (4910334)|HEAP_ALLOCATE|[6]|Bytes:32
07:06:02.0 (4956590)|HEAP_ALLOCATE|[6]|Bytes:2152
07:06:02.0 (5057141)|HEAP_ALLOCATE|[6]|Bytes:32
07:06:02.0 (5077880)|SYSTEM_MODE_EXIT|false
07:06:02.5 (5115360)|CUMULATIVE_LIMIT_USAGE
07:06:02.5 (5115360)|LIMIT_USAGE_FOR_NS|(default)|
  Number of SOQL queries: 1 out of 100
  Number of query rows: 7 out of 50000
  Number of SOSL queries: 0 out of 20
  Number of DML statements: 0 out of 150
  Number of DML rows: 0 out of 10000
  Maximum CPU time: 0 out of 10000
  Maximum heap size: 0 out of 6000000
  Number of callouts: 0 out of 100
  Number of Email Invocations: 0 out of 10
  Number of future calls: 0 out of 50
  Number of queueable jobs added to the queue: 0 out of 50
  Number of Mobile Apex push calls: 0 out of 10

07:06:02.5 (5115360)|CUMULATIVE_LIMIT_USAGE_END

07:06:02.0 (5165934)|CODE_UNIT_FINISHED|redditCloneHomePageController.getAllSubreddits()
07:06:02.0 (5458754)|CODE_UNIT_FINISHED|Aura
07:06:02.0 (6642200)|EXECUTION_FINISHED
