43.0 APEX_CODE,FINEST;APEX_PROFILING,INFO;CALLOUT,INFO;DB,INFO;NBA,INFO;SYSTEM,DEBUG;VALIDATION,INFO;VISUALFORCE,INFO;WAVE,INFO;WORKFLOW,INFO
07:07:56.0 (89711)|USER_INFO|[EXTERNAL]|005B0000004KLNf|teja-whva@force.com|Pacific Standard Time|GMT-07:00
07:07:56.0 (130419)|EXECUTION_STARTED
07:07:56.0 (135054)|CODE_UNIT_STARTED|[EXTERNAL]|Aura
07:07:56.0 (1234932)|CODE_UNIT_STARTED|[EXTERNAL]|01pB0000002Gt5o|redditCloneHomePageController.getAllSubreddits()
07:07:56.0 (1394121)|HEAP_ALLOCATE|[72]|Bytes:3
07:07:56.0 (1440325)|HEAP_ALLOCATE|[77]|Bytes:152
07:07:56.0 (1455303)|HEAP_ALLOCATE|[342]|Bytes:408
07:07:56.0 (1468523)|HEAP_ALLOCATE|[355]|Bytes:408
07:07:56.0 (1480766)|HEAP_ALLOCATE|[467]|Bytes:48
07:07:56.0 (1508174)|HEAP_ALLOCATE|[139]|Bytes:6
07:07:56.0 (1554950)|HEAP_ALLOCATE|[EXTERNAL]|Bytes:1
07:07:56.0 (1566648)|METHOD_ENTRY|[1]|01pB0000002Gt5o|redditCloneHomePageController.redditCloneHomePageController()
07:07:56.0 (1572645)|STATEMENT_EXECUTE|[1]
07:07:56.0 (1577667)|STATEMENT_EXECUTE|[1]
07:07:56.0 (1610520)|HEAP_ALLOCATE|[50]|Bytes:5
07:07:56.0 (1631081)|HEAP_ALLOCATE|[56]|Bytes:5
07:07:56.0 (1639693)|HEAP_ALLOCATE|[64]|Bytes:7
07:07:56.0 (1671336)|SYSTEM_MODE_ENTER|false
07:07:56.0 (1685072)|HEAP_ALLOCATE|[EXTERNAL]|Bytes:5
07:07:56.0 (1694712)|SYSTEM_MODE_EXIT|false
07:07:56.0 (1718331)|METHOD_EXIT|[1]|redditCloneHomePageController
07:07:56.0 (1747644)|SYSTEM_MODE_ENTER|false
07:07:56.0 (1774825)|HEAP_ALLOCATE|[6]|Bytes:5
07:07:56.0 (1782399)|STATEMENT_EXECUTE|[5]
07:07:56.0 (1784826)|STATEMENT_EXECUTE|[6]
07:07:56.0 (1788964)|HEAP_ALLOCATE|[6]|Bytes:72
07:07:56.0 (1809826)|HEAP_ALLOCATE|[6]|Bytes:4
07:07:56.0 (2098437)|SOQL_EXECUTE_BEGIN|[6]|Aggregations:0|SELECT Id, Name, Title__c, Description__c, CreatedDate FROM subreddit__c
07:07:56.0 (4015266)|SOQL_EXECUTE_END|[6]|Rows:7
07:07:56.0 (4037110)|HEAP_ALLOCATE|[6]|Bytes:32
07:07:56.0 (4067797)|HEAP_ALLOCATE|[6]|Bytes:2152
07:07:56.0 (4140663)|HEAP_ALLOCATE|[6]|Bytes:32
07:07:56.0 (4157189)|SYSTEM_MODE_EXIT|false
07:07:56.4 (4182060)|CUMULATIVE_LIMIT_USAGE
07:07:56.4 (4182060)|LIMIT_USAGE_FOR_NS|(default)|
  Number of SOQL queries: 1 out of 100
  Number of query rows: 7 out of 50000
  Number of SOSL queries: 0 out of 20
  Number of DML statements: 0 out of 150
  Number of DML rows: 0 out of 10000
  Maximum CPU time: 0 out of 10000
  Maximum heap size: 0 out of 6000000
  Number of callouts: 0 out of 100
  Number of Email Invocations: 0 out of 10
  Number of future calls: 0 out of 50
  Number of queueable jobs added to the queue: 0 out of 50
  Number of Mobile Apex push calls: 0 out of 10

07:07:56.4 (4182060)|CUMULATIVE_LIMIT_USAGE_END

07:07:56.0 (4220914)|CODE_UNIT_FINISHED|redditCloneHomePageController.getAllSubreddits()
07:07:56.0 (4443664)|CODE_UNIT_FINISHED|Aura
07:07:56.0 (5714939)|EXECUTION_FINISHED
